[
  {
    "code": "E0046",
    "message": "error[E0046]: not all trait items implemented, missing: `columns_and_values`\n  --> crates/db/some-sqlite/examples/demo.rs:27:48\n   |\n27 | #[derive(Debug, Clone, Serialize, Deserialize, Entity, Schema, sqlx::FromRow)]\n   |                                                ^^^^^^ missing `columns_and_values` in implementation\n   |\n   = note: this error originates in the derive macro `Entity` (in Nightly builds, run with -Z macro-backtrace for more info)\n\n"
  },
  {
    "code": "E0046",
    "message": "error[E0046]: not all trait items implemented, missing: `columns_and_values`\n  --> crates/db/some-sqlite/examples/demo.rs:38:48\n   |\n38 | #[derive(Debug, Clone, Serialize, Deserialize, NewEntity)]\n   |                                                ^^^^^^^^^ missing `columns_and_values` in implementation\n   |\n   = note: this error originates in the derive macro `NewEntity` (in Nightly builds, run with -Z macro-backtrace for more info)\n\n"
  },
  {
    "code": "E0412",
    "message": "error[E0412]: cannot find type `NewUserEntity` in this scope\n  --> crates/db/some-sqlite/examples/demo.rs:38:48\n   |\n38 | #[derive(Debug, Clone, Serialize, Deserialize, NewEntity)]\n   |                                                ^^^^^^^^^ not found in this scope\n   |\n   = note: this error originates in the derive macro `NewEntity` (in Nightly builds, run with -Z macro-backtrace for more info)\n\n"
  },
  {
    "code": "E0425",
    "message": "error[E0425]: cannot find value `UserSchema` in this scope\n  --> crates/db/some-sqlite/examples/demo.rs:61:29\n   |\n61 |     db.initialize_schemas(vec![UserSchema]).await?; // Option A: separate schema token\n   |                                ^^^^^^^^^^ not found in this scope\n\n"
  },
  {
    "code": "E0599",
    "message": "error[E0599]: no method named `create` found for struct `SqliteRepository` in the current scope\n   --> crates/db/some-sqlite/examples/demo.rs:78:23\n    |\n78  |     let user = user_repo.create(new_user).await?;\n    |                          ^^^^^^\n    |\n   ::: /home/paulg/dev/server/crates/db/some-sqlite/src/traits.rs:100:11\n    |\n100 |     async fn create<N>(&self, entity: N) -> Result<E>\n    |              ------ the method is available for `SqliteRepository<User>` here\n    |\n    = help: items from traits can only be used if the trait is in scope\nhelp: trait `Repository` which provides `create` is implemented but not in scope; perhaps you want to import it\n    |\n16  + use some_sqlite::Repository;\n    |\nhelp: there is a method `create_batch` with a similar name\n    |\n78  |     let user = user_repo.create_batch(new_user).await?;\n    |                                ++++++\n\n"
  },
  {
    "code": "E0599",
    "message": "error[E0599]: no method named `delete_by_id` found for struct `SqliteRepository` in the current scope\n   --> crates/db/some-sqlite/examples/demo.rs:108:32\n    |\n108 |     let deleted_count = user_repo.delete_by_id(&saved_user.id).await?;\n    |                                   ^^^^^^^^^^^^\n    |\n   ::: /home/paulg/dev/server/crates/db/some-sqlite/src/traits.rs:122:11\n    |\n122 |     async fn delete_by_id(&self, id: &E::Id) -> Result<u64>;\n    |              ------------ the method is available for `SqliteRepository<User>` here\n    |\n    = help: items from traits can only be used if the trait is in scope\nhelp: trait `Repository` which provides `delete_by_id` is implemented but not in scope; perhaps you want to import it\n    |\n16  + use some_sqlite::Repository;\n    |\nhelp: there is a method `delete_by` with a similar name\n    |\n108 -     let deleted_count = user_repo.delete_by_id(&saved_user.id).await?;\n108 +     let deleted_count = user_repo.delete_by(&saved_user.id).await?;\n    |\n\n"
  },
  {
    "code": "E0599",
    "message": "error[E0599]: no method named `find_by_id` found for struct `SqliteRepository` in the current scope\n   --> crates/db/some-sqlite/examples/demo.rs:82:29\n    |\n82  |     let found_user = user_repo.find_by_id(&user.id).await?.expect(\"User not found\");\n    |                                ^^^^^^^^^^\n    |\n   ::: /home/paulg/dev/server/crates/db/some-sqlite/src/traits.rs:108:11\n    |\n108 |     async fn find_by_id(&self, id: &E::Id) -> Result<Option<E>>;\n    |              ---------- the method is available for `SqliteRepository<User>` here\n    |\n    = help: items from traits can only be used if the trait is in scope\nhelp: trait `Repository` which provides `find_by_id` is implemented but not in scope; perhaps you want to import it\n    |\n16  + use some_sqlite::Repository;\n    |\nhelp: there is a method `find_by` with a similar name\n    |\n82  -     let found_user = user_repo.find_by_id(&user.id).await?.expect(\"User not found\");\n82  +     let found_user = user_repo.find_by(&user.id).await?.expect(\"User not found\");\n    |\n\n"
  },
  {
    "code": "E0599",
    "message": "error[E0599]: no method named `find_by_query` found for struct `SqliteRepository` in the current scope\n  --> crates/db/some-sqlite/examples/demo.rs:97:24\n   |\n97 |     let users = user_repo.find_by_query(params).await?; // Or maybe just `query(params)`\n   |                           ^^^^^^^^^^^^^\n   |\nhelp: there is a method `find_by` with a similar name\n   |\n97 -     let users = user_repo.find_by_query(params).await?; // Or maybe just `query(params)`\n97 +     let users = user_repo.find_by(params).await?; // Or maybe just `query(params)`\n   |\n\n"
  },
  {
    "code": "E0599",
    "message": "error[E0599]: no method named `update` found for struct `SqliteRepository` in the current scope\n   --> crates/db/some-sqlite/examples/demo.rs:104:29\n    |\n104 |     let saved_user = user_repo.update(&updated_user).await?;\n    |                                ^^^^^^\n    |\n   ::: /home/paulg/dev/server/crates/db/some-sqlite/src/traits.rs:114:11\n    |\n114 |     async fn update(&self, entity: &E) -> Result<E>\n    |              ------ the method is available for `SqliteRepository<User>` here\n    |\n    = help: items from traits can only be used if the trait is in scope\nhelp: trait `Repository` which provides `update` is implemented but not in scope; perhaps you want to import it\n    |\n16  + use some_sqlite::Repository;\n    |\nhelp: there is a method `update_batch` with a similar name\n    |\n104 |     let saved_user = user_repo.update_batch(&updated_user).await?;\n    |                                      ++++++\n\n"
  },
  {
    "code": "unused_imports",
    "message": "error: unused import: `Entity`\n  --> crates/db/some-sqlite/examples/demo.rs:20:11\n   |\n20 |     traits::{Entity, NewEntity, Schema},\n   |              ^^^^^^\n\n"
  },
  {
    "code": "unused_imports",
    "message": "error: unused imports: `NewEntity` and `Schema`\n  --> crates/db/some-sqlite/examples/demo.rs:20:19\n   |\n20 |     traits::{Entity, NewEntity, Schema},\n   |                      ^^^^^^^^^  ^^^^^^\n   |\n   = note: `-D unused-imports` implied by `-D warnings`\n   = help: to override `-D warnings` add `#[allow(unused_imports)]`\n\n"
  }
]
